<?xml version="1.0" encoding="UTF-8"?>
<testng-results ignored="0" total="4" passed="4" failed="0" skipped="0">
  <reporter-output>
  </reporter-output>
  <suite started-at="2024-03-22T08:51:26 IST" name="Surefire suite" finished-at="2024-03-22T08:51:27 IST" duration-ms="472">
    <groups>
      <group name="cucumber">
        <method signature="AbstractTestNGCucumberTests.runScenario(io.cucumber.testng.PickleWrapper,io.cucumber.testng.FeatureWrapper)[pri:0, instance:parallel.RunCucumberTest@7f010382]" name="runScenario" class="io.cucumber.testng.AbstractTestNGCucumberTests"/>
      </group> <!-- cucumber -->
    </groups>
    <test started-at="2024-03-22T08:51:26 IST" name="Surefire test" finished-at="2024-03-22T08:51:27 IST" duration-ms="472">
      <class name="parallel.RunCucumberTest">
        <test-method is-config="true" signature="setUpClass(org.testng.ITestContext)[pri:0, instance:parallel.RunCucumberTest@7f010382]" started-at="2024-03-22T08:51:26 IST" name="setUpClass" finished-at="2024-03-22T08:51:26 IST" duration-ms="282" status="PASS">
          <params>
            <param index="0">
              <value>
                <![CDATA[org.testng.TestRunner@4b86805d]]>
              </value>
            </param>
          </params>
          <reporter-output>
          </reporter-output>
        </test-method> <!-- setUpClass -->
        <test-method signature="runScenario(io.cucumber.testng.PickleWrapper,io.cucumber.testng.FeatureWrapper)[pri:0, instance:parallel.RunCucumberTest@7f010382]" started-at="2024-03-22T08:51:26 IST" name="runScenario" description="Runs Cucumber Scenarios" data-provider="scenarios" finished-at="2024-03-22T08:51:26 IST" duration-ms="111" status="PASS">
          <params>
            <param index="0">
              <value>
                <![CDATA["Scenario Outline Row 1"]]>
              </value>
            </param>
            <param index="1">
              <value>
                <![CDATA["Scenario Outlines feature file"]]>
              </value>
            </param>
          </params>
          <reporter-output>
          </reporter-output>
        </test-method> <!-- runScenario -->
        <test-method signature="runScenario(io.cucumber.testng.PickleWrapper,io.cucumber.testng.FeatureWrapper)[pri:0, instance:parallel.RunCucumberTest@7f010382]" started-at="2024-03-22T08:51:26 IST" name="runScenario" description="Runs Cucumber Scenarios" data-provider="scenarios" finished-at="2024-03-22T08:51:26 IST" duration-ms="111" status="PASS">
          <params>
            <param index="0">
              <value>
                <![CDATA["Scenario Outline Row 2"]]>
              </value>
            </param>
            <param index="1">
              <value>
                <![CDATA["Scenario Outlines feature file"]]>
              </value>
            </param>
          </params>
          <reporter-output>
          </reporter-output>
        </test-method> <!-- runScenario -->
        <test-method signature="runScenario(io.cucumber.testng.PickleWrapper,io.cucumber.testng.FeatureWrapper)[pri:0, instance:parallel.RunCucumberTest@7f010382]" started-at="2024-03-22T08:51:26 IST" name="runScenario" description="Runs Cucumber Scenarios" data-provider="scenarios" finished-at="2024-03-22T08:51:26 IST" duration-ms="111" status="PASS">
          <params>
            <param index="0">
              <value>
                <![CDATA["Scenario Number Two"]]>
              </value>
            </param>
            <param index="1">
              <value>
                <![CDATA["Scenarios feature file"]]>
              </value>
            </param>
          </params>
          <reporter-output>
          </reporter-output>
        </test-method> <!-- runScenario -->
        <test-method signature="runScenario(io.cucumber.testng.PickleWrapper,io.cucumber.testng.FeatureWrapper)[pri:0, instance:parallel.RunCucumberTest@7f010382]" started-at="2024-03-22T08:51:26 IST" name="runScenario" description="Runs Cucumber Scenarios" data-provider="scenarios" finished-at="2024-03-22T08:51:26 IST" duration-ms="111" status="PASS">
          <params>
            <param index="0">
              <value>
                <![CDATA["Scenario Number One"]]>
              </value>
            </param>
            <param index="1">
              <value>
                <![CDATA["Scenarios feature file"]]>
              </value>
            </param>
          </params>
          <reporter-output>
          </reporter-output>
        </test-method> <!-- runScenario -->
        <test-method is-config="true" signature="tearDownClass()[pri:0, instance:parallel.RunCucumberTest@7f010382]" started-at="2024-03-22T08:51:27 IST" name="tearDownClass" finished-at="2024-03-22T08:51:27 IST" duration-ms="3" status="PASS">
          <reporter-output>
          </reporter-output>
        </test-method> <!-- tearDownClass -->
      </class> <!-- parallel.RunCucumberTest -->
    </test> <!-- Surefire test -->
  </suite> <!-- Surefire suite -->
</testng-results>
